app/build/intermediates/manifest_merge_blame_file/debug/processDebugMainManifest/manifest-merger-blame-debug-report.txt
1<?xml version="1.0" encoding="utf-8"?>
2<manifest xmlns:android="http://schemas.android.com/apk/res/android"
3    package="com.zune.player"
4    android:versionCode="3"
5    android:versionName="3.0.0" >
6
7    <uses-sdk
7-->INJECTED
8        android:minSdkVersion="26"
8-->INJECTED
9        android:targetSdkVersion="36" />
9-->INJECTED
10
11    <uses-permission android:name="android.permission.READ_MEDIA_AUDIO" />
11-->src\main\AndroidManifest.xml:5:5-75
11-->src\main\AndroidManifest.xml:5:22-72
12    <uses-permission android:name="android.permission.READ_MEDIA_IMAGES" />
12-->src\main\AndroidManifest.xml:6:5-76
12-->src\main\AndroidManifest.xml:6:22-73
13    <uses-permission android:name="android.permission.READ_MEDIA_VIDEO" />
13-->src\main\AndroidManifest.xml:7:5-75
13-->src\main\AndroidManifest.xml:7:22-72
14    <uses-permission
14-->src\main\AndroidManifest.xml:8:5-107
15        android:name="android.permission.READ_EXTERNAL_STORAGE"
15-->src\main\AndroidManifest.xml:8:22-77
16        android:maxSdkVersion="32" />
16-->src\main\AndroidManifest.xml:8:78-104
17    <uses-permission android:name="android.permission.FOREGROUND_SERVICE" />
17-->src\main\AndroidManifest.xml:9:5-77
17-->src\main\AndroidManifest.xml:9:22-74
18    <uses-permission android:name="android.permission.FOREGROUND_SERVICE_MEDIA_PLAYBACK" />
18-->src\main\AndroidManifest.xml:10:5-92
18-->src\main\AndroidManifest.xml:10:22-89
19    <uses-permission android:name="android.permission.FOREGROUND_SERVICE_DATA_SYNC" />
19-->src\main\AndroidManifest.xml:11:5-87
19-->src\main\AndroidManifest.xml:11:22-84
20    <uses-permission android:name="android.permission.ACCESS_NETWORK_STATE" />
20-->src\main\AndroidManifest.xml:12:5-79
20-->src\main\AndroidManifest.xml:12:22-76
21    <uses-permission android:name="android.permission.WAKE_LOCK" />
21-->src\main\AndroidManifest.xml:13:5-68
21-->src\main\AndroidManifest.xml:13:22-65
22    <uses-permission android:name="android.permission.POST_NOTIFICATIONS" />
22-->src\main\AndroidManifest.xml:14:5-77
22-->src\main\AndroidManifest.xml:14:22-74
23    <uses-permission android:name="android.permission.INTERNET" />
23-->src\main\AndroidManifest.xml:15:5-67
23-->src\main\AndroidManifest.xml:15:22-64
24    <uses-permission android:name="android.permission.QUERY_ALL_PACKAGES" />
24-->src\main\AndroidManifest.xml:16:5-77
24-->src\main\AndroidManifest.xml:16:22-74
25    <uses-permission android:name="android.permission.READ_CONTACTS" />
25-->src\main\AndroidManifest.xml:17:5-72
25-->src\main\AndroidManifest.xml:17:22-69
26    <uses-permission android:name="android.permission.RECEIVE_BOOT_COMPLETED" />
26-->[androidx.work:work-runtime:2.11.2] AndroidManifest.xml:25:5-81
26-->[androidx.work:work-runtime:2.11.2] AndroidManifest.xml:25:22-78
27
28    <permission
28-->[androidx.core:core:1.18.0] AndroidManifest.xml:22:5-24:47
29        android:name="com.zune.player.DYNAMIC_RECEIVER_NOT_EXPORTED_PERMISSION"
29-->[androidx.core:core:1.18.0] AndroidManifest.xml:23:9-81
30        android:protectionLevel="signature" />
30-->[androidx.core:core:1.18.0] AndroidManifest.xml:24:9-44
31
32    <uses-permission android:name="com.zune.player.DYNAMIC_RECEIVER_NOT_EXPORTED_PERMISSION" />
32-->[androidx.core:core:1.18.0] AndroidManifest.xml:26:5-97
32-->[androidx.core:core:1.18.0] AndroidManifest.xml:26:22-94
33
34    <application
34-->src\main\AndroidManifest.xml:19:5-115:19
35        android:name="com.zune.player.ZuneApplication"
35-->src\main\AndroidManifest.xml:20:9-40
36        android:allowBackup="true"
36-->src\main\AndroidManifest.xml:22:9-35
37        android:appComponentFactory="androidx.core.app.CoreComponentFactory"
37-->[androidx.core:core:1.18.0] AndroidManifest.xml:28:18-86
38        android:dataExtractionRules="@xml/data_extraction_rules"
38-->src\main\AndroidManifest.xml:23:9-65
39        android:debuggable="true"
40        android:extractNativeLibs="false"
40-->INJECTED
41        android:fullBackupContent="@xml/backup_rules"
41-->src\main\AndroidManifest.xml:24:9-54
42        android:icon="@mipmap/ic_launcher"
42-->src\main\AndroidManifest.xml:25:9-43
43        android:label="@string/app_name"
43-->src\main\AndroidManifest.xml:26:9-41
44        android:roundIcon="@mipmap/ic_launcher_round"
44-->src\main\AndroidManifest.xml:27:9-54
45        android:supportsRtl="true"
45-->src\main\AndroidManifest.xml:28:9-35
46        android:testOnly="true"
47        android:theme="@style/Theme.ZunePlayer"
47-->src\main\AndroidManifest.xml:29:9-48
48        android:usesCleartextTraffic="true" >
48-->src\main\AndroidManifest.xml:30:9-44
49        <activity
49-->src\main\AndroidManifest.xml:32:9-44:20
50            android:name="com.zune.player.MainActivity"
50-->src\main\AndroidManifest.xml:33:13-41
51            android:configChanges="orientation|screenSize|screenLayout|keyboardHidden"
51-->src\main\AndroidManifest.xml:36:13-87
52            android:exported="true"
52-->src\main\AndroidManifest.xml:34:13-36
53            android:launchMode="singleTop"
53-->src\main\AndroidManifest.xml:35:13-43
54            android:theme="@style/Theme.ZunePlayer" >
54-->src\main\AndroidManifest.xml:37:13-52
55            <intent-filter>
55-->src\main\AndroidManifest.xml:38:13-43:29
56                <action android:name="android.intent.action.MAIN" />
56-->src\main\AndroidManifest.xml:39:17-69
56-->src\main\AndroidManifest.xml:39:25-66
57
58                <category android:name="android.intent.category.LAUNCHER" />
58-->src\main\AndroidManifest.xml:40:17-77
58-->src\main\AndroidManifest.xml:40:27-74
59                <category android:name="android.intent.category.HOME" />
59-->src\main\AndroidManifest.xml:41:17-73
59-->src\main\AndroidManifest.xml:41:27-70
60                <category android:name="android.intent.category.DEFAULT" />
60-->src\main\AndroidManifest.xml:42:17-76
60-->src\main\AndroidManifest.xml:42:27-73
61            </intent-filter>
62        </activity>
63
64        <service
64-->src\main\AndroidManifest.xml:46:9-53:19
65            android:name="com.zune.player.player.PlaybackService"
65-->src\main\AndroidManifest.xml:47:13-51
66            android:exported="true"
66-->src\main\AndroidManifest.xml:48:13-36
67            android:foregroundServiceType="mediaPlayback" >
67-->src\main\AndroidManifest.xml:49:13-58
68            <intent-filter>
68-->src\main\AndroidManifest.xml:50:13-52:29
69                <action android:name="androidx.media3.session.MediaSessionService" />
69-->src\main\AndroidManifest.xml:51:17-86
69-->src\main\AndroidManifest.xml:51:25-83
70            </intent-filter>
71        </service>
72        <service
72-->src\main\AndroidManifest.xml:55:9-67:19
73            android:name="com.maxrave.media3.service.SimpleMediaService"
73-->src\main\AndroidManifest.xml:56:13-73
74            android:exported="true"
74-->src\main\AndroidManifest.xml:57:13-36
75            android:foregroundServiceType="mediaPlayback"
75-->src\main\AndroidManifest.xml:58:13-58
76            android:stopWithTask="false" >
76-->src\main\AndroidManifest.xml:59:13-41
77            <intent-filter>
77-->src\main\AndroidManifest.xml:61:13-66:29
78                <action android:name="androidx.media3.session.MediaSessionService" />
78-->src\main\AndroidManifest.xml:51:17-86
78-->src\main\AndroidManifest.xml:51:25-83
79                <action android:name="androidx.media3.session.MediaLibraryService" />
79-->src\main\AndroidManifest.xml:63:17-86
79-->src\main\AndroidManifest.xml:63:25-83
80                <action android:name="android.media.browse.MediaBrowserService" />
80-->src\main\AndroidManifest.xml:64:17-83
80-->src\main\AndroidManifest.xml:64:25-80
81                <action android:name="android.intent.action.MEDIA_BUTTON" />
81-->src\main\AndroidManifest.xml:65:17-77
81-->src\main\AndroidManifest.xml:65:25-74
82            </intent-filter>
83        </service>
84        <service
84-->src\main\AndroidManifest.xml:69:9-77:19
85            android:name="com.maxrave.media3.service.download.MusicDownloadService"
85-->src\main\AndroidManifest.xml:70:13-84
86            android:exported="true"
86-->src\main\AndroidManifest.xml:71:13-36
87            android:foregroundServiceType="dataSync" >
87-->src\main\AndroidManifest.xml:72:13-53
88            <intent-filter>
88-->src\main\AndroidManifest.xml:73:13-76:29
89                <action android:name="androidx.media3.exoplayer.downloadService.action.RESTART" />
89-->src\main\AndroidManifest.xml:74:17-99
89-->src\main\AndroidManifest.xml:74:25-96
90
91                <category android:name="android.intent.category.DEFAULT" />
91-->src\main\AndroidManifest.xml:42:17-76
91-->src\main\AndroidManifest.xml:42:27-73
92            </intent-filter>
93        </service>
94
95        <receiver
95-->src\main\AndroidManifest.xml:79:9-85:20
96            android:name="androidx.media3.session.MediaButtonReceiver"
96-->src\main\AndroidManifest.xml:80:13-71
97            android:exported="true" >
97-->src\main\AndroidManifest.xml:81:13-36
98            <intent-filter>
98-->src\main\AndroidManifest.xml:82:13-84:29
99                <action android:name="android.intent.action.MEDIA_BUTTON" />
99-->src\main\AndroidManifest.xml:65:17-77
99-->src\main\AndroidManifest.xml:65:25-74
100            </intent-filter>
101        </receiver>
102
103        <service
103-->src\main\AndroidManifest.xml:87:9-90:34
104            android:name="androidx.work.impl.foreground.SystemForegroundService"
104-->src\main\AndroidManifest.xml:88:13-81
105            android:directBootAware="false"
105-->[androidx.work:work-runtime:2.11.2] AndroidManifest.xml:48:13-44
106            android:enabled="@bool/enable_system_foreground_service_default"
106-->[androidx.work:work-runtime:2.11.2] AndroidManifest.xml:49:13-77
107            android:exported="false"
107-->[androidx.work:work-runtime:2.11.2] AndroidManifest.xml:50:13-37
108            android:foregroundServiceType="dataSync" />
108-->src\main\AndroidManifest.xml:89:13-53
109        <service
109-->src\main\AndroidManifest.xml:92:9-104:19
110            android:name="com.zune.player.player.ZuneDreamService"
110-->src\main\AndroidManifest.xml:93:13-52
111            android:exported="true"
111-->src\main\AndroidManifest.xml:94:13-36
112            android:label="@string/screensaver_name"
112-->src\main\AndroidManifest.xml:95:13-53
113            android:permission="android.permission.BIND_DREAM_SERVICE" >
113-->src\main\AndroidManifest.xml:96:13-71
114            <intent-filter>
114-->src\main\AndroidManifest.xml:97:13-100:29
115                <action android:name="android.service.dreams.DreamService" />
115-->src\main\AndroidManifest.xml:98:17-78
115-->src\main\AndroidManifest.xml:98:25-75
116
117                <category android:name="android.intent.category.DEFAULT" />
117-->src\main\AndroidManifest.xml:42:17-76
117-->src\main\AndroidManifest.xml:42:27-73
118            </intent-filter>
119
120            <meta-data
120-->src\main\AndroidManifest.xml:101:13-103:54
121                android:name="android.service.dream"
121-->src\main\AndroidManifest.xml:102:17-53
122                android:resource="@xml/dream_info" />
122-->src\main\AndroidManifest.xml:103:17-51
123        </service>
124        <service
124-->src\main\AndroidManifest.xml:106:9-114:19
125            android:name="com.zune.player.service.ZuneNotificationListenerService"
125-->src\main\AndroidManifest.xml:107:13-68
126            android:exported="true"
126-->src\main\AndroidManifest.xml:110:13-36
127            android:label="Zune Live Tiles Listener"
127-->src\main\AndroidManifest.xml:108:13-53
128            android:permission="android.permission.BIND_NOTIFICATION_LISTENER_SERVICE" >
128-->src\main\AndroidManifest.xml:109:13-87
129            <intent-filter>
129-->src\main\AndroidManifest.xml:111:13-113:29
130                <action android:name="android.service.notification.NotificationListenerService" />
130-->src\main\AndroidManifest.xml:112:17-99
130-->src\main\AndroidManifest.xml:112:25-96
131            </intent-filter>
132        </service>
133
134        <provider
134-->[org.jetbrains.compose.components:components-resources-android:1.11.0] AndroidManifest.xml:8:9-13:20
135            android:name="org.jetbrains.compose.resources.AndroidContextProvider"
135-->[org.jetbrains.compose.components:components-resources-android:1.11.0] AndroidManifest.xml:9:13-82
136            android:authorities="com.zune.player.resources.AndroidContextProvider"
136-->[org.jetbrains.compose.components:components-resources-android:1.11.0] AndroidManifest.xml:10:13-84
137            android:enabled="true"
137-->[org.jetbrains.compose.components:components-resources-android:1.11.0] AndroidManifest.xml:11:13-35
138            android:exported="false" >
138-->[org.jetbrains.compose.components:components-resources-android:1.11.0] AndroidManifest.xml:12:13-37
139        </provider>
140
141        <activity
141-->[androidx.compose.ui:ui-tooling-android:1.12.0-alpha03] AndroidManifest.xml:23:9-25:39
142            android:name="androidx.compose.ui.tooling.PreviewActivity"
142-->[androidx.compose.ui:ui-tooling-android:1.12.0-alpha03] AndroidManifest.xml:24:13-71
143            android:exported="true" />
143-->[androidx.compose.ui:ui-tooling-android:1.12.0-alpha03] AndroidManifest.xml:25:13-36
144
145        <provider
145-->[androidx.work:work-runtime:2.11.2] AndroidManifest.xml:29:9-37:20
146            android:name="androidx.startup.InitializationProvider"
146-->[androidx.work:work-runtime:2.11.2] AndroidManifest.xml:30:13-67
147            android:authorities="com.zune.player.androidx-startup"
147-->[androidx.work:work-runtime:2.11.2] AndroidManifest.xml:31:13-68
148            android:exported="false" >
148-->[androidx.work:work-runtime:2.11.2] AndroidManifest.xml:32:13-37
149            <meta-data
149-->[androidx.work:work-runtime:2.11.2] AndroidManifest.xml:34:13-36:52
150                android:name="androidx.work.WorkManagerInitializer"
150-->[androidx.work:work-runtime:2.11.2] AndroidManifest.xml:35:17-68
151                android:value="androidx.startup" />
151-->[androidx.work:work-runtime:2.11.2] AndroidManifest.xml:36:17-49
152            <meta-data
152-->[androidx.emoji2:emoji2:1.4.0] AndroidManifest.xml:29:13-31:52
153                android:name="androidx.emoji2.text.EmojiCompatInitializer"
153-->[androidx.emoji2:emoji2:1.4.0] AndroidManifest.xml:30:17-75
154                android:value="androidx.startup" />
154-->[androidx.emoji2:emoji2:1.4.0] AndroidManifest.xml:31:17-49
155            <meta-data
155-->[androidx.lifecycle:lifecycle-process:2.10.0] AndroidManifest.xml:29:13-31:52
156                android:name="androidx.lifecycle.ProcessLifecycleInitializer"
156-->[androidx.lifecycle:lifecycle-process:2.10.0] AndroidManifest.xml:30:17-78
157                android:value="androidx.startup" />
157-->[androidx.lifecycle:lifecycle-process:2.10.0] AndroidManifest.xml:31:17-49
158            <meta-data
158-->[androidx.profileinstaller:profileinstaller:1.4.1] AndroidManifest.xml:29:13-31:52
159                android:name="androidx.profileinstaller.ProfileInstallerInitializer"
159-->[androidx.profileinstaller:profileinstaller:1.4.1] AndroidManifest.xml:30:17-85
160                android:value="androidx.startup" />
160-->[androidx.profileinstaller:profileinstaller:1.4.1] AndroidManifest.xml:31:17-49
161            <meta-data
161-->[com.squareup.okhttp3:okhttp-android:5.3.2] AndroidManifest.xml:16:13-18:52
162                android:name="okhttp3.internal.platform.PlatformInitializer"
162-->[com.squareup.okhttp3:okhttp-android:5.3.2] AndroidManifest.xml:17:17-77
163                android:value="androidx.startup" />
163-->[com.squareup.okhttp3:okhttp-android:5.3.2] AndroidManifest.xml:18:17-49
164        </provider>
165
166        <service
166-->[androidx.work:work-runtime:2.11.2] AndroidManifest.xml:39:9-45:35
167            android:name="androidx.work.impl.background.systemjob.SystemJobService"
167-->[androidx.work:work-runtime:2.11.2] AndroidManifest.xml:40:13-84
168            android:directBootAware="false"
168-->[androidx.work:work-runtime:2.11.2] AndroidManifest.xml:41:13-44
169            android:enabled="@bool/enable_system_job_service_default"
169-->[androidx.work:work-runtime:2.11.2] AndroidManifest.xml:42:13-70
170            android:exported="true"
170-->[androidx.work:work-runtime:2.11.2] AndroidManifest.xml:43:13-36
171            android:permission="android.permission.BIND_JOB_SERVICE" />
171-->[androidx.work:work-runtime:2.11.2] AndroidManifest.xml:44:13-69
172
173        <receiver
173-->[androidx.work:work-runtime:2.11.2] AndroidManifest.xml:54:9-59:35
174            android:name="androidx.work.impl.utils.ForceStopRunnable$BroadcastReceiver"
174-->[androidx.work:work-runtime:2.11.2] AndroidManifest.xml:55:13-88
175            android:directBootAware="false"
175-->[androidx.work:work-runtime:2.11.2] AndroidManifest.xml:56:13-44
176            android:enabled="true"
176-->[androidx.work:work-runtime:2.11.2] AndroidManifest.xml:57:13-35
177            android:exported="false" />
177-->[androidx.work:work-runtime:2.11.2] AndroidManifest.xml:58:13-37
178        <receiver
178-->[androidx.work:work-runtime:2.11.2] AndroidManifest.xml:60:9-69:20
179            android:name="androidx.work.impl.background.systemalarm.RescheduleReceiver"
179-->[androidx.work:work-runtime:2.11.2] AndroidManifest.xml:61:13-88
180            android:directBootAware="false"
180-->[androidx.work:work-runtime:2.11.2] AndroidManifest.xml:62:13-44
181            android:enabled="false"
181-->[androidx.work:work-runtime:2.11.2] AndroidManifest.xml:63:13-36
182            android:exported="false" >
182-->[androidx.work:work-runtime:2.11.2] AndroidManifest.xml:64:13-37
183            <intent-filter>
183-->[androidx.work:work-runtime:2.11.2] AndroidManifest.xml:66:13-68:29
184                <action android:name="android.intent.action.BOOT_COMPLETED" />
184-->[androidx.work:work-runtime:2.11.2] AndroidManifest.xml:67:17-79
184-->[androidx.work:work-runtime:2.11.2] AndroidManifest.xml:67:25-76
185            </intent-filter>
186        </receiver>
187        <receiver
187-->[androidx.work:work-runtime:2.11.2] AndroidManifest.xml:70:9-80:20
188            android:name="androidx.work.impl.diagnostics.DiagnosticsReceiver"
188-->[androidx.work:work-runtime:2.11.2] AndroidManifest.xml:71:13-78
189            android:directBootAware="false"
189-->[androidx.work:work-runtime:2.11.2] AndroidManifest.xml:72:13-44
190            android:enabled="true"
190-->[androidx.work:work-runtime:2.11.2] AndroidManifest.xml:73:13-35
191            android:exported="true"
191-->[androidx.work:work-runtime:2.11.2] AndroidManifest.xml:74:13-36
192            android:permission="android.permission.DUMP" >
192-->[androidx.work:work-runtime:2.11.2] AndroidManifest.xml:75:13-57
193            <intent-filter>
193-->[androidx.work:work-runtime:2.11.2] AndroidManifest.xml:77:13-79:29
194                <action android:name="androidx.work.diagnostics.REQUEST_DIAGNOSTICS" />
194-->[androidx.work:work-runtime:2.11.2] AndroidManifest.xml:78:17-88
194-->[androidx.work:work-runtime:2.11.2] AndroidManifest.xml:78:25-85
195            </intent-filter>
196        </receiver>
197
198        <uses-library
198-->[androidx.window:window:1.5.0] AndroidManifest.xml:23:9-25:40
199            android:name="androidx.window.extensions"
199-->[androidx.window:window:1.5.0] AndroidManifest.xml:24:13-54
200            android:required="false" />
200-->[androidx.window:window:1.5.0] AndroidManifest.xml:25:13-37
201        <uses-library
201-->[androidx.window:window:1.5.0] AndroidManifest.xml:26:9-28:40
202            android:name="androidx.window.sidecar"
202-->[androidx.window:window:1.5.0] AndroidManifest.xml:27:13-51
203            android:required="false" />
203-->[androidx.window:window:1.5.0] AndroidManifest.xml:28:13-37
204
205        <service
205-->[androidx.room:room-runtime-android:2.8.4] AndroidManifest.xml:24:9-28:63
206            android:name="androidx.room.MultiInstanceInvalidationService"
206-->[androidx.room:room-runtime-android:2.8.4] AndroidManifest.xml:25:13-74
207            android:directBootAware="true"
207-->[androidx.room:room-runtime-android:2.8.4] AndroidManifest.xml:26:13-43
208            android:exported="false" />
208-->[androidx.room:room-runtime-android:2.8.4] AndroidManifest.xml:27:13-37
209
210        <receiver
210-->[androidx.profileinstaller:profileinstaller:1.4.1] AndroidManifest.xml:34:9-52:20
211            android:name="androidx.profileinstaller.ProfileInstallReceiver"
211-->[androidx.profileinstaller:profileinstaller:1.4.1] AndroidManifest.xml:35:13-76
212            android:directBootAware="false"
212-->[androidx.profileinstaller:profileinstaller:1.4.1] AndroidManifest.xml:36:13-44
213            android:enabled="true"
213-->[androidx.profileinstaller:profileinstaller:1.4.1] AndroidManifest.xml:37:13-35
214            android:exported="true"
214-->[androidx.profileinstaller:profileinstaller:1.4.1] AndroidManifest.xml:38:13-36
215            android:permission="android.permission.DUMP" >
215-->[androidx.profileinstaller:profileinstaller:1.4.1] AndroidManifest.xml:39:13-57
216            <intent-filter>
216-->[androidx.profileinstaller:profileinstaller:1.4.1] AndroidManifest.xml:40:13-42:29
217                <action android:name="androidx.profileinstaller.action.INSTALL_PROFILE" />
217-->[androidx.profileinstaller:profileinstaller:1.4.1] AndroidManifest.xml:41:17-91
217-->[androidx.profileinstaller:profileinstaller:1.4.1] AndroidManifest.xml:41:25-88
218            </intent-filter>
219            <intent-filter>
219-->[androidx.profileinstaller:profileinstaller:1.4.1] AndroidManifest.xml:43:13-45:29
220                <action android:name="androidx.profileinstaller.action.SKIP_FILE" />
220-->[androidx.profileinstaller:profileinstaller:1.4.1] AndroidManifest.xml:44:17-85
220-->[androidx.profileinstaller:profileinstaller:1.4.1] AndroidManifest.xml:44:25-82
221            </intent-filter>
222            <intent-filter>
222-->[androidx.profileinstaller:profileinstaller:1.4.1] AndroidManifest.xml:46:13-48:29
223                <action android:name="androidx.profileinstaller.action.SAVE_PROFILE" />
223-->[androidx.profileinstaller:profileinstaller:1.4.1] AndroidManifest.xml:47:17-88
223-->[androidx.profileinstaller:profileinstaller:1.4.1] AndroidManifest.xml:47:25-85
224            </intent-filter>
225            <intent-filter>
225-->[androidx.profileinstaller:profileinstaller:1.4.1] AndroidManifest.xml:49:13-51:29
226                <action android:name="androidx.profileinstaller.action.BENCHMARK_OPERATION" />
226-->[androidx.profileinstaller:profileinstaller:1.4.1] AndroidManifest.xml:50:17-95
226-->[androidx.profileinstaller:profileinstaller:1.4.1] AndroidManifest.xml:50:25-92
227            </intent-filter>
228        </receiver>
229    </application>
230
231</manifest>